TravelAR/app/build/outputs/logs/manifest-merger-debug-report.txt
-- Merging decision tree log ---
manifest
ADDED from src\main\AndroidManifest.xml:2:1-70:12
	package
		ADDED from src\main\AndroidManifest.xml:2:70-108
		INJECTED from src\main\AndroidManifest.xml
		INJECTED from src\main\AndroidManifest.xml
	android:versionName
		ADDED from src\main\AndroidManifest.xml:2:157-182
		INJECTED from src\main\AndroidManifest.xml
		INJECTED from src\main\AndroidManifest.xml
	android:versionCode
		ADDED from src\main\AndroidManifest.xml:2:183-206
		INJECTED from src\main\AndroidManifest.xml
		INJECTED from src\main\AndroidManifest.xml
	xmlns:android
		ADDED from src\main\AndroidManifest.xml:2:11-69
	android:installLocation
		ADDED from src\main\AndroidManifest.xml:2:207-247
	android:theme
		ADDED from src\main\AndroidManifest.xml:2:109-156
uses-sdk
ADDED from src\main\AndroidManifest.xml:3:3-72
MERGED from [com.android.support:appcompat-v7:23.1.1] AndroidManifest.xml:20:5-43
MERGED from [com.android.support:support-v4:23.1.1] AndroidManifest.xml:20:5-43
MERGED from [com.android.support:cardview-v7:23.1.1] AndroidManifest.xml:20:5-43
MERGED from [com.android.support:recyclerview-v7:23.1.1] AndroidManifest.xml:20:5-43
MERGED from [com.android.support:support-v4:23.1.1] AndroidManifest.xml:20:5-43
	android:targetSdkVersion
		ADDED from src\main\AndroidManifest.xml:3:40-69
		INJECTED from src\main\AndroidManifest.xml
		INJECTED from src\main\AndroidManifest.xml
	android:minSdkVersion
		ADDED from src\main\AndroidManifest.xml:3:13-39
		INJECTED from src\main\AndroidManifest.xml
		INJECTED from src\main\AndroidManifest.xml
uses-feature#android.hardware.camera
ADDED from src\main\AndroidManifest.xml:4:3-58
	android:name
		ADDED from src\main\AndroidManifest.xml:4:17-55
supports-screens
ADDED from src\main\AndroidManifest.xml:5:3-163
	android:largeScreens
		ADDED from src\main\AndroidManifest.xml:5:78-105
	android:smallScreens
		ADDED from src\main\AndroidManifest.xml:5:21-48
	android:normalScreens
		ADDED from src\main\AndroidManifest.xml:5:49-77
	android:xlargeScreens
		ADDED from src\main\AndroidManifest.xml:5:106-134
	android:anyDensity
		ADDED from src\main\AndroidManifest.xml:5:135-160
uses-permission#android.permission.INTERNET
ADDED from src\main\AndroidManifest.xml:6:3-65
	android:name
		ADDED from src\main\AndroidManifest.xml:6:20-62
uses-permission#android.permission.CAMERA
ADDED from src\main\AndroidManifest.xml:7:3-63
	android:name
		ADDED from src\main\AndroidManifest.xml:7:20-60
uses-permission#android.permission.ACCESS_NETWORK_STATE
ADDED from src\main\AndroidManifest.xml:8:3-77
	android:name
		ADDED from src\main\AndroidManifest.xml:8:20-74
uses-permission#android.permission.WRITE_EXTERNAL_STORAGE
ADDED from src\main\AndroidManifest.xml:9:3-79
	android:name
		ADDED from src\main\AndroidManifest.xml:9:20-76
application
ADDED from src\main\AndroidManifest.xml:10:3-62:17
MERGED from [com.android.support:appcompat-v7:23.1.1] AndroidManifest.xml:22:5-20
MERGED from [com.android.support:support-v4:23.1.1] AndroidManifest.xml:22:5-20
MERGED from [com.android.support:cardview-v7:23.1.1] AndroidManifest.xml:22:5-20
MERGED from [com.android.support:support-v4:23.1.1] AndroidManifest.xml:22:5-20
	android:label
		ADDED from src\main\AndroidManifest.xml:12:7-39
	android:icon
		ADDED from src\main\AndroidManifest.xml:10:16-49
	android:theme
		ADDED from src\main\AndroidManifest.xml:11:7-65
activity#com.example.sankalp.travelar.Activities.SplashScreen
ADDED from src\main\AndroidManifest.xml:14:5-20:16
	android:name
		ADDED from src\main\AndroidManifest.xml:14:15-54
intent-filter#android.intent.action.MAIN+android.intent.category.LAUNCHER
ADDED from src\main\AndroidManifest.xml:15:7-19:23
action#android.intent.action.MAIN
ADDED from src\main\AndroidManifest.xml:16:9-61
	android:name
		ADDED from src\main\AndroidManifest.xml:16:17-58
category#android.intent.category.LAUNCHER
ADDED from src\main\AndroidManifest.xml:18:9-69
	android:name
		ADDED from src\main\AndroidManifest.xml:18:19-66
activity#com.example.sankalp.travelar.Unity.UnityPlayerNativeActivity
ADDED from src\main\AndroidManifest.xml:22:5-29:16
	android:screenOrientation
		ADDED from src\main\AndroidManifest.xml:23:9-45
	android:label
		ADDED from src\main\AndroidManifest.xml:22:15-47
	android:launchMode
		ADDED from src\main\AndroidManifest.xml:24:9-40
	android:configChanges
		ADDED from src\main\AndroidManifest.xml:25:9-166
	android:name
		ADDED from src\main\AndroidManifest.xml:26:9-56
meta-data#unityplayer.UnityActivity
ADDED from src\main\AndroidManifest.xml:27:7-82
	android:value
		ADDED from src\main\AndroidManifest.xml:27:59-79
	android:name
		ADDED from src\main\AndroidManifest.xml:27:18-58
meta-data#unityplayer.ForwardNativeEventsToDalvik
ADDED from src\main\AndroidManifest.xml:28:7-97
	android:value
		ADDED from src\main\AndroidManifest.xml:28:73-94
	android:name
		ADDED from src\main\AndroidManifest.xml:28:18-72
activity#com.example.sankalp.travelar.Activities.LoginActivity
ADDED from src\main\AndroidManifest.xml:31:5-58
	android:name
		ADDED from src\main\AndroidManifest.xml:31:15-55
activity#com.example.sankalp.travelar.Activities.MainActivity
ADDED from src\main\AndroidManifest.xml:32:5-34:55
	android:label
		ADDED from src\main\AndroidManifest.xml:34:9-52
	android:name
		ADDED from src\main\AndroidManifest.xml:33:9-48
activity#com.example.sankalp.travelar.Activities.RegisterActivity
ADDED from src\main\AndroidManifest.xml:35:5-43:16
	android:label
		ADDED from src\main\AndroidManifest.xml:37:9-56
	android:parentActivityName
		ADDED from src\main\AndroidManifest.xml:38:9-63
	android:theme
		ADDED from src\main\AndroidManifest.xml:39:9-70
	android:name
		ADDED from src\main\AndroidManifest.xml:36:9-52
meta-data#android.support.PARENT_ACTIVITY
ADDED from src\main\AndroidManifest.xml:40:7-42:83
	android:value
		ADDED from src\main\AndroidManifest.xml:42:11-80
	android:name
		ADDED from src\main\AndroidManifest.xml:41:11-57
activity#com.example.sankalp.travelar.Activities.TopDestinations
ADDED from src\main\AndroidManifest.xml:44:5-51:16
	android:label
		ADDED from src\main\AndroidManifest.xml:46:9-64
	android:parentActivityName
		ADDED from src\main\AndroidManifest.xml:47:9-62
	android:name
		ADDED from src\main\AndroidManifest.xml:45:9-51
uses-library#com.ti.s3d
ADDED from src\main\AndroidManifest.xml:57:5-72
	android:required
		ADDED from src\main\AndroidManifest.xml:57:45-69
	android:name
		ADDED from src\main\AndroidManifest.xml:57:19-44
uses-library#com.osterhoutgroup.api.ext
ADDED from src\main\AndroidManifest.xml:61:5-88
	android:required
		ADDED from src\main\AndroidManifest.xml:61:61-85
	android:name
		ADDED from src\main\AndroidManifest.xml:61:19-60
uses-feature#0x00020000
ADDED from src\main\AndroidManifest.xml:63:3-52
	android:glEsVersion
		ADDED from src\main\AndroidManifest.xml:63:17-49
uses-feature#android.hardware.camera.autofocus
ADDED from src\main\AndroidManifest.xml:64:3-93
	android:required
		ADDED from src\main\AndroidManifest.xml:64:66-90
	android:name
		ADDED from src\main\AndroidManifest.xml:64:17-65
uses-feature#android.hardware.camera.front
ADDED from src\main\AndroidManifest.xml:65:3-89
	android:required
		ADDED from src\main\AndroidManifest.xml:65:62-86
	android:name
		ADDED from src\main\AndroidManifest.xml:65:17-61
uses-feature#android.hardware.touchscreen
ADDED from src\main\AndroidManifest.xml:66:3-88
	android:required
		ADDED from src\main\AndroidManifest.xml:66:61-85
	android:name
		ADDED from src\main\AndroidManifest.xml:66:17-60
uses-feature#android.hardware.touchscreen.multitouch
ADDED from src\main\AndroidManifest.xml:67:3-99
	android:required
		ADDED from src\main\AndroidManifest.xml:67:72-96
	android:name
		ADDED from src\main\AndroidManifest.xml:67:17-71
uses-feature#android.hardware.touchscreen.multitouch.distinct
ADDED from src\main\AndroidManifest.xml:68:3-108
	android:required
		ADDED from src\main\AndroidManifest.xml:68:81-105
	android:name
		ADDED from src\main\AndroidManifest.xml:68:17-80
uses-permission#android.permission.WAKE_LOCK
ADDED from src\main\AndroidManifest.xml:69:3-66
	android:name
		ADDED from src\main\AndroidManifest.xml:69:20-63